<?xml version="1.0" encoding="UTF-8"?>
<testng-results total="6" passed="5" failed="1" skipped="0">
  <reporter-output>
  </reporter-output>
  <suite started-at="2019-12-01T12:13:55Z" name="Suite" finished-at="2019-12-01T12:13:55Z" duration-ms="67">
    <groups>
      <group name="regression">
        <method signature="TC003.a()[pri:0, instance:in.amazon.testCases.TC003@3835c46]" name="a" class="in.amazon.testCases.TC003"/>
        <method signature="TC003.f()[pri:0, instance:in.amazon.testCases.TC003@3835c46]" name="f" class="in.amazon.testCases.TC003"/>
      </group> <!-- regression -->
      <group name="smoke">
        <method signature="TC003.a()[pri:0, instance:in.amazon.testCases.TC003@3835c46]" name="a" class="in.amazon.testCases.TC003"/>
      </group> <!-- smoke -->
    </groups>
    <test started-at="2019-12-01T12:13:55Z" name="AmazonSearch" finished-at="2019-12-01T12:13:55Z" duration-ms="67">
      <class name="in.amazon.testCases.TC004">
        <test-method signature="a()[pri:0, instance:in.amazon.testCases.TC004@1dde4cb2]" started-at="2019-12-01T17:43:55Z" name="a" finished-at="2019-12-01T17:43:55Z" duration-ms="15" status="PASS">
          <reporter-output>
          </reporter-output>
        </test-method> <!-- a -->
        <test-method signature="b()[pri:0, instance:in.amazon.testCases.TC004@1dde4cb2]" started-at="2019-12-01T17:43:55Z" name="b" finished-at="2019-12-01T17:43:55Z" duration-ms="3" status="FAIL">
          <exception class="java.lang.AssertionError">
            <message>
              <![CDATA[expected [3] but found [2]]]>
            </message>
            <full-stacktrace>
              <![CDATA[java.lang.AssertionError: expected [3] but found [2]
	at org.testng.Assert.fail(Assert.java:94)
	at org.testng.Assert.failNotEquals(Assert.java:513)
	at org.testng.Assert.assertEqualsImpl(Assert.java:135)
	at org.testng.Assert.assertEquals(Assert.java:116)
	at org.testng.Assert.assertEquals(Assert.java:389)
	at org.testng.Assert.assertEquals(Assert.java:399)
	at in.amazon.testCases.TC004.b(TC004.java:18)
	at java.base/jdk.internal.reflect.NativeMethodAccessorImpl.invoke0(Native Method)
	at java.base/jdk.internal.reflect.NativeMethodAccessorImpl.invoke(NativeMethodAccessorImpl.java:62)
	at java.base/jdk.internal.reflect.DelegatingMethodAccessorImpl.invoke(DelegatingMethodAccessorImpl.java:43)
	at java.base/java.lang.reflect.Method.invoke(Method.java:564)
	at org.testng.internal.MethodInvocationHelper.invokeMethod(MethodInvocationHelper.java:86)
	at org.testng.internal.Invoker.invokeMethod(Invoker.java:645)
	at org.testng.internal.Invoker.invokeTestMethod(Invoker.java:822)
	at org.testng.internal.Invoker.invokeTestMethods(Invoker.java:1130)
	at org.testng.internal.TestMethodWorker.invokeTestMethods(TestMethodWorker.java:129)
	at org.testng.internal.TestMethodWorker.run(TestMethodWorker.java:112)
	at java.base/java.util.concurrent.ThreadPoolExecutor.runWorker(ThreadPoolExecutor.java:1135)
	at java.base/java.util.concurrent.ThreadPoolExecutor$Worker.run(ThreadPoolExecutor.java:635)
	at java.base/java.lang.Thread.run(Thread.java:844)
]]>
            </full-stacktrace>
          </exception> <!-- java.lang.AssertionError -->
          <reporter-output>
          </reporter-output>
        </test-method> <!-- b -->
        <test-method signature="c()[pri:0, instance:in.amazon.testCases.TC004@1dde4cb2]" started-at="2019-12-01T17:43:55Z" name="c" finished-at="2019-12-01T17:43:55Z" duration-ms="5" status="PASS">
          <reporter-output>
          </reporter-output>
        </test-method> <!-- c -->
        <test-method signature="d()[pri:0, instance:in.amazon.testCases.TC004@1dde4cb2]" started-at="2019-12-01T17:43:55Z" name="d" finished-at="2019-12-01T17:43:55Z" duration-ms="1" status="PASS">
          <reporter-output>
          </reporter-output>
        </test-method> <!-- d -->
      </class> <!-- in.amazon.testCases.TC004 -->
      <class name="in.amazon.testCases.TC003">
        <test-method is-config="true" signature="beforeSuite()[pri:0, instance:in.amazon.testCases.TC003@3835c46]" started-at="2019-12-01T17:43:55Z" name="beforeSuite" finished-at="2019-12-01T17:43:55Z" duration-ms="18" status="PASS">
          <reporter-output>
          </reporter-output>
        </test-method> <!-- beforeSuite -->
        <test-method is-config="true" signature="beforeTest()[pri:0, instance:in.amazon.testCases.TC003@3835c46]" started-at="2019-12-01T17:43:55Z" name="beforeTest" finished-at="2019-12-01T17:43:55Z" duration-ms="1" status="PASS">
          <reporter-output>
          </reporter-output>
        </test-method> <!-- beforeTest -->
        <test-method is-config="true" signature="beforeClass()[pri:0, instance:in.amazon.testCases.TC003@3835c46]" started-at="2019-12-01T17:43:55Z" name="beforeClass" finished-at="2019-12-01T17:43:55Z" duration-ms="1" status="PASS">
          <reporter-output>
          </reporter-output>
        </test-method> <!-- beforeClass -->
        <test-method is-config="true" signature="beforeMethod()[pri:0, instance:in.amazon.testCases.TC003@3835c46]" started-at="2019-12-01T17:43:55Z" name="beforeMethod" finished-at="2019-12-01T17:43:55Z" duration-ms="1" status="PASS">
          <reporter-output>
          </reporter-output>
        </test-method> <!-- beforeMethod -->
        <test-method signature="a()[pri:0, instance:in.amazon.testCases.TC003@3835c46]" started-at="2019-12-01T17:43:55Z" name="a" finished-at="2019-12-01T17:43:55Z" duration-ms="8" status="PASS">
          <reporter-output>
          </reporter-output>
        </test-method> <!-- a -->
        <test-method is-config="true" signature="afterMethod()[pri:0, instance:in.amazon.testCases.TC003@3835c46]" started-at="2019-12-01T17:43:55Z" name="afterMethod" finished-at="2019-12-01T17:43:55Z" duration-ms="2" status="PASS">
          <reporter-output>
          </reporter-output>
        </test-method> <!-- afterMethod -->
        <test-method is-config="true" signature="beforeMethod()[pri:0, instance:in.amazon.testCases.TC003@3835c46]" started-at="2019-12-01T17:43:55Z" name="beforeMethod" finished-at="2019-12-01T17:43:55Z" duration-ms="0" status="PASS">
          <reporter-output>
          </reporter-output>
        </test-method> <!-- beforeMethod -->
        <test-method signature="f()[pri:0, instance:in.amazon.testCases.TC003@3835c46]" started-at="2019-12-01T17:43:55Z" name="f" finished-at="2019-12-01T17:43:55Z" duration-ms="3" status="PASS">
          <reporter-output>
          </reporter-output>
        </test-method> <!-- f -->
        <test-method is-config="true" signature="afterMethod()[pri:0, instance:in.amazon.testCases.TC003@3835c46]" started-at="2019-12-01T17:43:55Z" name="afterMethod" finished-at="2019-12-01T17:43:55Z" duration-ms="0" status="PASS">
          <reporter-output>
          </reporter-output>
        </test-method> <!-- afterMethod -->
        <test-method is-config="true" signature="afterClass()[pri:0, instance:in.amazon.testCases.TC003@3835c46]" started-at="2019-12-01T17:43:55Z" name="afterClass" finished-at="2019-12-01T17:43:55Z" duration-ms="0" status="PASS">
          <reporter-output>
          </reporter-output>
        </test-method> <!-- afterClass -->
        <test-method is-config="true" signature="afterTest()[pri:0, instance:in.amazon.testCases.TC003@3835c46]" started-at="2019-12-01T17:43:55Z" name="afterTest" finished-at="2019-12-01T17:43:55Z" duration-ms="1" status="PASS">
          <reporter-output>
          </reporter-output>
        </test-method> <!-- afterTest -->
        <test-method is-config="true" signature="afterSuite()[pri:0, instance:in.amazon.testCases.TC003@3835c46]" started-at="2019-12-01T17:43:55Z" name="afterSuite" finished-at="2019-12-01T17:43:55Z" duration-ms="0" status="PASS">
          <reporter-output>
          </reporter-output>
        </test-method> <!-- afterSuite -->
      </class> <!-- in.amazon.testCases.TC003 -->
    </test> <!-- AmazonSearch -->
  </suite> <!-- Suite -->
</testng-results>
